2025-04-13 16:28:32.216921 - Received CBT.V508.FILE1037.PDS from FILE1037.XMI 
2025-04-13 16:28:32.218187 - Found $$$#DATE.txt (text/plain) in CBT.V508.FILE1037.PDS, moved to PDS/$$$#DATE
2025-04-13 16:28:32.218867 - Found $$DOC.txt (text/plain) in CBT.V508.FILE1037.PDS, moved to PDS/$$DOC
2025-04-13 16:28:32.219159 - Found $RECEIVE.jcl (text/plain) in CBT.V508.FILE1037.PDS, moved to PDS/$RECEIVE
2025-04-13 16:28:32.219221 - Found @FIL1037.txt (text/plain) in CBT.V508.FILE1037.PDS, moved to PDS/@FIL1037
2025-04-13 16:28:32.219836 - Found DOCX.docx (application/vnd.openxmlformats-officedocument.wordprocessingml.document) in CBT.V508.FILE1037.PDS, moved to docs/DOCX.docx
2025-04-13 16:28:32.220450 - Found LOAD.xmi (application/xmit) in CBT.V508.FILE1037.PDS, moved to PDS/LOAD.xmi
2025-04-13 16:28:32.242808 - Received SBGOLOB.DISASM.LOAD from LOAD.xmi 
2025-04-13 16:28:32.243359 - Found alias DISASM to DISASM01 in SBGOLOB.DISASM.LOAD, moved to PDS/DISASM
2025-04-13 16:28:32.244128 - Found DISASM01.bin (application/octet-stream) in SBGOLOB.DISASM.LOAD, moved to LOAD/DISASM01
2025-04-13 16:28:32.244475 - Found DISOPAPP.bin (application/octet-stream) in SBGOLOB.DISASM.LOAD, moved to LOAD/DISOPAPP
2025-04-13 16:28:32.244670 - Found DISOPAP2.bin (application/octet-stream) in SBGOLOB.DISASM.LOAD, moved to LOAD/DISOPAP2
2025-04-13 16:28:32.244979 - Found DISOP36S.bin (application/octet-stream) in SBGOLOB.DISASM.LOAD, moved to LOAD/DISOP36S
2025-04-13 16:28:32.245843 - Found DISOP37B.bin (application/octet-stream) in SBGOLOB.DISASM.LOAD, moved to LOAD/DISOP37B
2025-04-13 16:28:32.246241 - Found DISOP370.bin (application/octet-stream) in SBGOLOB.DISASM.LOAD, moved to LOAD/DISOP370
2025-04-13 16:28:32.246486 - Found DISOP390.bin (application/octet-stream) in SBGOLOB.DISASM.LOAD, moved to LOAD/DISOP390
2025-04-13 16:28:32.250098 - Found SOURCE.xmi (application/xmit) in CBT.V508.FILE1037.PDS, moved to PDS/SOURCE.xmi
2025-04-13 16:28:32.758169 - Received SBGOLOB.DISASM.SOURCE from SOURCE.xmi 
2025-04-13 16:28:32.761587 - Found $$$ASM.jcl (text/plain) in SBGOLOB.DISASM.SOURCE, moved to SOURCE/$$$ASM
2025-04-13 16:28:32.761960 - Found $$ASMESP.jcl (text/plain) in SBGOLOB.DISASM.SOURCE, moved to SOURCE/$$ASMESP
2025-04-13 16:28:32.762133 - Found $$ASMES1.jcl (text/plain) in SBGOLOB.DISASM.SOURCE, moved to SOURCE/$$ASMES1
2025-04-13 16:28:32.762317 - Found $$ASMXA.jcl (text/plain) in SBGOLOB.DISASM.SOURCE, moved to SOURCE/$$ASMXA
2025-04-13 16:28:32.762490 - Found $$ASTEST.jcl (text/plain) in SBGOLOB.DISASM.SOURCE, moved to SOURCE/$$ASTEST
2025-04-13 16:28:32.762993 - Found $$DOC.txt (text/plain) in SBGOLOB.DISASM.SOURCE, moved to SOURCE/$$DOC
2025-04-13 16:28:32.763277 - Found $$DOCLST.jcl (text/plain) in SBGOLOB.DISASM.SOURCE, moved to SOURCE/$$DOCLST
2025-04-13 16:28:32.763582 - Found $$HIST.txt (text/plain) in SBGOLOB.DISASM.SOURCE, moved to SOURCE/$$HIST
2025-04-13 16:28:32.763856 - Found $$PROC.txt (text/plain) in SBGOLOB.DISASM.SOURCE, moved to SOURCE/$$PROC
2025-04-13 16:28:32.764164 - Found $$PROCA.txt (text/plain) in SBGOLOB.DISASM.SOURCE, moved to SOURCE/$$PROCA
2025-04-13 16:28:32.764448 - Found $TESTJCL.jcl (text/plain) in SBGOLOB.DISASM.SOURCE, moved to SOURCE/$TESTJCL
2025-04-13 16:28:32.764749 - Found $TESTLST.jcl (text/plain) in SBGOLOB.DISASM.SOURCE, moved to SOURCE/$TESTLST
2025-04-13 16:28:32.765030 - Found $TESTRUN.jcl (text/plain) in SBGOLOB.DISASM.SOURCE, moved to SOURCE/$TESTRUN
2025-04-13 16:28:32.765317 - Found AMODE.txt (text/plain) in SBGOLOB.DISASM.SOURCE, moved to SOURCE/AMODE
2025-04-13 16:28:32.765606 - Found DBUGBLOK.txt (text/plain) in SBGOLOB.DISASM.SOURCE, moved to SOURCE/DBUGBLOK
2025-04-13 16:28:32.765885 - Found DISASMAP.txt (text/plain) in SBGOLOB.DISASM.SOURCE, moved to SOURCE/DISASMAP
2025-04-13 16:28:32.766475 - Found DISASMCM.txt (text/plain) in SBGOLOB.DISASM.SOURCE, moved to SOURCE/DISASMCM
2025-04-13 16:28:32.766804 - Found DISASMDA.txt (text/plain) in SBGOLOB.DISASM.SOURCE, moved to SOURCE/DISASMDA
2025-04-13 16:28:32.767389 - Found DISASMDB.txt (text/plain) in SBGOLOB.DISASM.SOURCE, moved to SOURCE/DISASMDB
2025-04-13 16:28:32.767769 - Found DISASMDC.txt (text/plain) in SBGOLOB.DISASM.SOURCE, moved to SOURCE/DISASMDC
2025-04-13 16:28:32.768356 - Found DISASMDT.txt (text/plain) in SBGOLOB.DISASM.SOURCE, moved to SOURCE/DISASMDT
2025-04-13 16:28:32.768560 - Found DISASMGB.txt (text/plain) in SBGOLOB.DISASM.SOURCE, moved to SOURCE/DISASMGB
2025-04-13 16:28:32.768871 - Found DISASMLS.txt (text/plain) in SBGOLOB.DISASM.SOURCE, moved to SOURCE/DISASMLS
2025-04-13 16:28:32.769055 - Found DISASMOP.txt (text/plain) in SBGOLOB.DISASM.SOURCE, moved to SOURCE/DISASMOP
2025-04-13 16:28:32.769368 - Found DISASMPR.txt (text/plain) in SBGOLOB.DISASM.SOURCE, moved to SOURCE/DISASMPR
2025-04-13 16:28:32.769705 - Found DISASMPU.txt (text/plain) in SBGOLOB.DISASM.SOURCE, moved to SOURCE/DISASMPU
2025-04-13 16:28:32.770012 - Found DISASMTS.txt (text/plain) in SBGOLOB.DISASM.SOURCE, moved to SOURCE/DISASMTS
2025-04-13 16:28:32.770308 - Found DISASM00.txt (text/plain) in SBGOLOB.DISASM.SOURCE, moved to SOURCE/DISASM00
2025-04-13 16:28:32.770908 - Found DISASM01.txt (text/plain) in SBGOLOB.DISASM.SOURCE, moved to SOURCE/DISASM01
2025-04-13 16:28:32.771576 - Found DISASM02.txt (text/plain) in SBGOLOB.DISASM.SOURCE, moved to SOURCE/DISASM02
2025-04-13 16:28:32.772147 - Found DISASM03.txt (text/plain) in SBGOLOB.DISASM.SOURCE, moved to SOURCE/DISASM03
2025-04-13 16:28:32.772452 - Found DISASM04.txt (text/plain) in SBGOLOB.DISASM.SOURCE, moved to SOURCE/DISASM04
2025-04-13 16:28:32.772841 - Found DISASM05.txt (text/plain) in SBGOLOB.DISASM.SOURCE, moved to SOURCE/DISASM05
2025-04-13 16:28:32.773093 - Found DISASM06.txt (text/plain) in SBGOLOB.DISASM.SOURCE, moved to SOURCE/DISASM06
2025-04-13 16:28:32.773486 - Found DISASM07.txt (text/plain) in SBGOLOB.DISASM.SOURCE, moved to SOURCE/DISASM07
2025-04-13 16:28:32.774054 - Found DISASM08.txt (text/plain) in SBGOLOB.DISASM.SOURCE, moved to SOURCE/DISASM08
2025-04-13 16:28:32.774930 - Found DISASM09.txt (text/plain) in SBGOLOB.DISASM.SOURCE, moved to SOURCE/DISASM09
2025-04-13 16:28:32.775505 - Found DISASM13.txt (text/plain) in SBGOLOB.DISASM.SOURCE, moved to SOURCE/DISASM13
2025-04-13 16:28:32.775821 - Found DISASM19.txt (text/plain) in SBGOLOB.DISASM.SOURCE, moved to SOURCE/DISASM19
2025-04-13 16:28:32.776208 - Found DISASM55.txt (text/plain) in SBGOLOB.DISASM.SOURCE, moved to SOURCE/DISASM55
2025-04-13 16:28:32.776429 - Found DISOPAPP.txt (text/plain) in SBGOLOB.DISASM.SOURCE, moved to SOURCE/DISOPAPP
2025-04-13 16:28:32.776649 - Found DISOPAP2.txt (text/plain) in SBGOLOB.DISASM.SOURCE, moved to SOURCE/DISOPAP2
2025-04-13 16:28:32.776860 - Found DISOPT.txt (text/plain) in SBGOLOB.DISASM.SOURCE, moved to SOURCE/DISOPT
2025-04-13 16:28:32.777200 - Found DISOPZ00.txt (text/plain) in SBGOLOB.DISASM.SOURCE, moved to SOURCE/DISOPZ00
2025-04-13 16:28:32.777529 - Found DISOP36S.txt (text/plain) in SBGOLOB.DISASM.SOURCE, moved to SOURCE/DISOP36S
2025-04-13 16:28:32.777826 - Found DISOP360.txt (text/plain) in SBGOLOB.DISASM.SOURCE, moved to SOURCE/DISOP360
2025-04-13 16:28:32.778139 - Found DISOP37B.txt (text/plain) in SBGOLOB.DISASM.SOURCE, moved to SOURCE/DISOP37B
2025-04-13 16:28:32.778454 - Found DISOP370.txt (text/plain) in SBGOLOB.DISASM.SOURCE, moved to SOURCE/DISOP370
2025-04-13 16:28:32.778723 - Found DISOP390.txt (text/plain) in SBGOLOB.DISASM.SOURCE, moved to SOURCE/DISOP390
2025-04-13 16:28:32.778905 - Found ITRACE.txt (text/plain) in SBGOLOB.DISASM.SOURCE, moved to SOURCE/ITRACE
2025-04-13 16:28:32.779078 - Found MIN.txt (text/plain) in SBGOLOB.DISASM.SOURCE, moved to SOURCE/MIN
2025-04-13 16:28:32.779229 - Found MODHEAD.txt (text/plain) in SBGOLOB.DISASM.SOURCE, moved to SOURCE/MODHEAD
2025-04-13 16:28:32.779929 - Found OLDASM09.txt (text/plain) in SBGOLOB.DISASM.SOURCE, moved to SOURCE/OLDASM09
2025-04-13 16:28:32.780209 - Found OPCODE.txt (text/plain) in SBGOLOB.DISASM.SOURCE, moved to SOURCE/OPCODE
2025-04-13 16:28:32.780353 - Found PRTBLOK.txt (text/plain) in SBGOLOB.DISASM.SOURCE, moved to SOURCE/PRTBLOK
2025-04-13 16:28:32.780489 - Found PUNBLOK.txt (text/plain) in SBGOLOB.DISASM.SOURCE, moved to SOURCE/PUNBLOK
2025-04-13 16:28:32.780643 - Found RMODE.txt (text/plain) in SBGOLOB.DISASM.SOURCE, moved to SOURCE/RMODE
2025-04-13 16:28:32.780786 - Found SHEX.txt (text/plain) in SBGOLOB.DISASM.SOURCE, moved to SOURCE/SHEX
2025-04-13 16:28:32.780927 - Found YREGS.txt (text/plain) in SBGOLOB.DISASM.SOURCE, moved to SOURCE/YREGS
